[0mGET / [36m304[0m 100.196 ms - -[0m
[0mGET / [36m304[0m 12.710 ms - -[0m
[0mGET /users/sign-in [32m200[0m 5.960 ms - 2821[0m
[0mGET /users/auth/google [36m302[0m 5.140 ms - 0[0m
[0mGET /users/auth/google/callback?code=4%2F0AbUR2VMDCBbji70ZZ1JYOZoS6F5ZK0EqtfBFtOjoRv__leOxnbW-zhLR8-Et-NSgt3UMMA&scope=email+profile+https%3A%2F%2Fwww.googleapis.com%2Fauth%2Fuserinfo.profile+https%3A%2F%2Fwww.googleapis.com%2Fauth%2Fuserinfo.email+openid&authuser=0&prompt=consent [36m302[0m 465.507 ms - 46[0m
[0mGET / [32m200[0m 12.452 ms - 5718[0m
[0mGET / [32m200[0m 24.058 ms - 5366[0m
[0mGET / [32m200[0m 734.746 ms - 4167[0m
[0mGET /favicon.ico [33m404[0m 28.192 ms - 150[0m
[0mGET / [36m304[0m 43.770 ms - -[0m
[0mGET / [36m304[0m 22.373 ms - -[0m
[0mGET /users/profile [33m404[0m 5.859 ms - 152[0m
[0mGET / [32m200[0m 224.496 ms - 4167[0m
[0mGET /favicon.ico [33m404[0m 472.755 ms - 150[0m
[0mGET / [36m304[0m 21.950 ms - -[0m
[0mGET / [36m304[0m 16.981 ms - -[0m
[0mGET / [0m-[0m - ms - -[0m
[0mGET / [32m200[0m 41.862 ms - 4167[0m
[0mGET / [36m304[0m 77.270 ms - -[0m
[0mGET / [36m304[0m 44.931 ms - -[0m
[0mGET / [36m304[0m 11.581 ms - -[0m
[0mGET /users/sign-in [36m304[0m 77.040 ms - -[0m
[0mPOST /users/create-session [36m302[0m 48.971 ms - 72[0m
[0mGET /users/sign-in [32m200[0m 2.938 ms - 3054[0m
[0mPOST /users/create-session [36m302[0m 6.487 ms - 72[0m
[0mGET /users/sign-in [36m304[0m 3.600 ms - -[0m
[0mGET /users/auth/google [36m302[0m 7.203 ms - 0[0m
[0mGET /users/auth/google/callback?code=4%2F0AbUR2VMYpgBLXLqWnusQ91dKqzm2-eew9iAjpg_7Ksm6LNmHbvStxjp1DrRGa1UY9n7xOA&scope=email+profile+https%3A%2F%2Fwww.googleapis.com%2Fauth%2Fuserinfo.profile+https%3A%2F%2Fwww.googleapis.com%2Fauth%2Fuserinfo.email+openid&authuser=0&prompt=consent [36m302[0m 500.107 ms - 46[0m
[0mGET / [32m200[0m 65.005 ms - 5718[0m
[0mGET / [32m200[0m 100.291 ms - 5366[0m
[0mGET / [36m304[0m 25.232 ms - -[0m
[0mGET / [36m304[0m 173.786 ms - -[0m
[0mGET / [36m304[0m 521.026 ms - -[0m
[0mGET /users/sign-out [36m302[0m 22.861 ms - 46[0m
[0mGET / [32m200[0m 11.764 ms - 4167[0m
[0mGET / [36m304[0m 22.638 ms - -[0m
[0mGET / [36m304[0m 16.569 ms - -[0m
[0mGET / [36m304[0m 16.019 ms - -[0m
[0mGET / [36m304[0m 66.992 ms - -[0m
[0mGET / [36m304[0m 17.153 ms - -[0m
